[debug] [2022-11-22T09:05:48.795Z] ----------------------------------------------------------------------
[debug] [2022-11-22T09:05:48.799Z] Command:       C:\Program Files\nodejs\node.exe C:\Users\shuma\AppData\Roaming\npm\node_modules\firebase-tools\lib\bin\firebase.js init
[debug] [2022-11-22T09:05:48.799Z] CLI Version:   11.16.1
[debug] [2022-11-22T09:05:48.800Z] Platform:      win32
[debug] [2022-11-22T09:05:48.800Z] Node Version:  v18.12.0
[debug] [2022-11-22T09:05:48.818Z] Time:          Tue Nov 22 2022 16:05:48 GMT+0700 (GMT+07:00)
[debug] [2022-11-22T09:05:48.818Z] ----------------------------------------------------------------------
[debug] 
[debug] [2022-11-22T09:05:48.836Z] > command requires scopes: ["email","openid","https://www.googleapis.com/auth/cloudplatformprojects.readonly","https://www.googleapis.com/auth/firebase","https://www.googleapis.com/auth/cloud-platform"]
[debug] [2022-11-22T09:05:48.838Z] > authorizing via signed-in user (shuman.o1979@gmail.com)
[info] 
     ######## #### ########  ######## ########     ###     ######  ########
     ##        ##  ##     ## ##       ##     ##  ##   ##  ##       ##
     ######    ##  ########  ######   ########  #########  ######  ######
     ##        ##  ##    ##  ##       ##     ## ##     ##       ## ##
     ##       #### ##     ## ######## ########  ##     ##  ######  ########

You're about to initialize a Firebase project in this directory:

  C:\Users\shuma\projects\todo-list\client-todo-list

[info] 
=== Project Setup
[info] 
[info] First, let's associate this project directory with a Firebase project.
[info] You can create multiple project aliases by running firebase use --add, 
[info] but for now we'll just set up a default project.
[info] 
[debug] [2022-11-22T12:27:47.399Z] > refreshing access token with scopes: []
[debug] [2022-11-22T12:27:47.437Z] >>> [apiv2][query] POST https://www.googleapis.com/oauth2/v3/token [none]
[debug] [2022-11-22T12:27:47.437Z] >>> [apiv2][body] POST https://www.googleapis.com/oauth2/v3/token [omitted]
[debug] [2022-11-22T12:27:47.976Z] <<< [apiv2][status] POST https://www.googleapis.com/oauth2/v3/token 200
[debug] [2022-11-22T12:27:47.976Z] <<< [apiv2][body] POST https://www.googleapis.com/oauth2/v3/token [omitted]
[debug] [2022-11-22T12:27:48.014Z] >>> [apiv2][query] GET https://firebase.googleapis.com/v1beta1/projects pageSize=100
[debug] [2022-11-22T12:27:48.753Z] <<< [apiv2][status] GET https://firebase.googleapis.com/v1beta1/projects 200
[debug] [2022-11-22T12:27:48.753Z] <<< [apiv2][body] GET https://firebase.googleapis.com/v1beta1/projects [omitted]
[info] i  Using project todo-lists-306a0 (todo-lists) 
[info] 
=== Hosting Setup
[info] 
[info] Your public directory is the folder (relative to your project directory) that
[info] will contain Hosting assets to be uploaded with firebase deploy. If you
[info] have a build process for your assets, use your build's output directory.
[info] 
